Command: report datapath > build/tsmc65lp/156M_32_Dec10_1146/rpt/datapath.rpt
============================================================
  Generated by:           Genus(TM) Synthesis Solution 16.22-s033_1
  Generated on:           Dec 10 2017  11:46:41 am
  Module:                 mkReLURNS
  Wireload mode:          segmented
  Area mode:              timing library
============================================================


Inferred components

             Operator Signedness Inputs Outputs CellArea 
=========================================================
mkReLURNS
 rem_187_71
  
  module:remainder_unsigned
   very_fast     %    unsigned   17x17  17        150.84 
=========================================================
mkReLURNS
 rem_190_55
  
  module:remainder_unsigned_82
   slow          %    unsigned   17x17  17         50.04 
=========================================================
mkReLURNS
 rem_202_70
  
  module:remainder_unsigned_81
   very_fast     %    unsigned   17x17  17        140.76 
=========================================================
mkReLURNS
 rem_205_53
  
  module:remainder_unsigned_80
   very_fast     %    unsigned   17x17  17         19.80 
=========================================================
mkReLURNS
 rem_224_44
  
  module:remainder_unsigned_662
   very_fast     %    unsigned   10x10  10        149.04 
=========================================================

      Type       CellArea Percentage 
-------------------------------------
datapath modules   510.48      16.65 
external muxes       0.00       0.00 
others            2554.92      83.35 
-------------------------------------
total             3065.40     100.00 

