============================================================
  Generated by:           Genus(TM) Synthesis Solution 16.22-s033_1
  Generated on:           Dec 10 2017  11:46:41 am
  Module:                 mkReLURNS
  Wireload mode:          segmented
  Area mode:              timing library
============================================================

                              
  Gate    Instances    Area      Library    
--------------------------------------------
AN2D0             1     2.160    tcbn65lpwc 
AN2XD1            8    17.280    tcbn65lpwc 
AN3D0             1     2.520    tcbn65lpwc 
AN3XD1            2     5.040    tcbn65lpwc 
AN4D0             3     8.640    tcbn65lpwc 
AN4XD1            2     5.760    tcbn65lpwc 
AO211D0           1     2.880    tcbn65lpwc 
AO211D1           1     2.880    tcbn65lpwc 
AO21D0            4    10.080    tcbn65lpwc 
AO21D1            5    12.600    tcbn65lpwc 
AO22D0           12    34.560    tcbn65lpwc 
AO22D1            3     9.720    tcbn65lpwc 
AOI21D0           2     4.320    tcbn65lpwc 
AOI21D1           6    12.960    tcbn65lpwc 
AOI21D2           3     9.720    tcbn65lpwc 
AOI21D4           1     6.480    tcbn65lpwc 
AOI22D2           1     4.320    tcbn65lpwc 
AOI31D1           2     5.040    tcbn65lpwc 
BUFFD1            1     1.440    tcbn65lpwc 
CKAN2D0           5    10.800    tcbn65lpwc 
CKAN2D1           1     2.160    tcbn65lpwc 
CKAN2D2           1     2.520    tcbn65lpwc 
CKBD1             4     5.760    tcbn65lpwc 
CKLNQD1           2    12.960    tcbn65lpwc 
CKND1           113   122.040    tcbn65lpwc 
CKND2             4     5.760    tcbn65lpwc 
CKND2D0          19    27.360    tcbn65lpwc 
CKND2D1          49    70.560    tcbn65lpwc 
CKND2D2          45   113.400    tcbn65lpwc 
CKND2D3           3     9.720    tcbn65lpwc 
CKND2D4           2     8.640    tcbn65lpwc 
CKND3             1     2.160    tcbn65lpwc 
CKXOR2D0          1     3.600    tcbn65lpwc 
CKXOR2D1          5    18.000    tcbn65lpwc 
DFQD1            52   355.680    tcbn65lpwc 
DFQD2             9    64.800    tcbn65lpwc 
DFQD4             5    41.400    tcbn65lpwc 
FA1D0            20   180.000    tcbn65lpwc 
FA1D1            30   302.400    tcbn65lpwc 
HA1D0            22   126.720    tcbn65lpwc 
HA1D1             5    30.600    tcbn65lpwc 
IAO21D0           1     2.520    tcbn65lpwc 
IAO21D2           1     3.240    tcbn65lpwc 
IND2D0           17    36.720    tcbn65lpwc 
IND2D1           59   127.440    tcbn65lpwc 
IND2D2            9    25.920    tcbn65lpwc 
IND3D0            3     7.560    tcbn65lpwc 
IND3D1            3     7.560    tcbn65lpwc 
INR2D0            4     8.640    tcbn65lpwc 
INR2D1           11    23.760    tcbn65lpwc 
INR2D2            6    17.280    tcbn65lpwc 
INR2XD0          30    64.800    tcbn65lpwc 
INR2XD1           8    23.040    tcbn65lpwc 
INR3D0            4    10.080    tcbn65lpwc 
INVD0             8     8.640    tcbn65lpwc 
INVD1            52    56.160    tcbn65lpwc 
INVD2             3     4.320    tcbn65lpwc 
INVD6             1     3.240    tcbn65lpwc 
IOA21D0          10    25.200    tcbn65lpwc 
IOA21D1          10    25.200    tcbn65lpwc 
IOA21D2           1     3.240    tcbn65lpwc 
MAOI22D0          1     2.880    tcbn65lpwc 
MAOI22D1         12    34.560    tcbn65lpwc 
MOAI22D0          9    25.920    tcbn65lpwc 
MOAI22D1         21    60.480    tcbn65lpwc 
MUX2D0            1     3.240    tcbn65lpwc 
MUX2D1            1     3.600    tcbn65lpwc 
MUX2ND0           2     5.760    tcbn65lpwc 
ND2D0             2     2.880    tcbn65lpwc 
ND2D1            70   100.800    tcbn65lpwc 
ND2D2            30    75.600    tcbn65lpwc 
ND2D3             4    12.960    tcbn65lpwc 
ND2D4             1     4.320    tcbn65lpwc 
ND2D8             1     7.920    tcbn65lpwc 
ND3D1             2     4.320    tcbn65lpwc 
ND3D2             2     6.480    tcbn65lpwc 
ND4D1             1     2.520    tcbn65lpwc 
NR2D0            16    23.040    tcbn65lpwc 
NR2D1            23    33.120    tcbn65lpwc 
NR2D2             4    10.080    tcbn65lpwc 
NR2D3             2     6.480    tcbn65lpwc 
NR2XD0           38    54.720    tcbn65lpwc 
NR2XD1           40   100.800    tcbn65lpwc 
NR2XD2            3    12.960    tcbn65lpwc 
OA21D0            3     7.560    tcbn65lpwc 
OA21D1            3     7.560    tcbn65lpwc 
OA22D0            1     2.880    tcbn65lpwc 
OAI21D0           6    12.960    tcbn65lpwc 
OAI21D1          16    34.560    tcbn65lpwc 
OAI21D2           7    22.680    tcbn65lpwc 
OAI21D4           1     6.480    tcbn65lpwc 
OAI22D1           1     2.520    tcbn65lpwc 
OAI22D2           1     4.320    tcbn65lpwc 
OR2D0             6    12.960    tcbn65lpwc 
OR2D1             7    15.120    tcbn65lpwc 
OR2XD1            1     2.160    tcbn65lpwc 
OR3D0             1     2.520    tcbn65lpwc 
OR3D1             1     2.520    tcbn65lpwc 
XNR2D0            7    25.200    tcbn65lpwc 
XNR2D1           15    54.000    tcbn65lpwc 
XOR2D0            9    32.400    tcbn65lpwc 
XOR2D1           16    57.600    tcbn65lpwc 
XOR2D2            1     3.960    tcbn65lpwc 
--------------------------------------------
total          1087  3065.400               


                                                       
            Type             Instances   Area   Area % 
-------------------------------------------------------
sequential                          66  461.880   15.1 
inverter                           182  202.320    6.6 
buffer                               5    7.200    0.2 
clock_gating_integrated_cell         2   12.960    0.4 
logic                              832 2381.040   77.7 
physical_cells                       0    0.000    0.0 
-------------------------------------------------------
total                             1087 3065.400  100.0 

