============================================================
  Generated by:           Genus(TM) Synthesis Solution 16.22-s033_1
  Generated on:           Dec 10 2017  11:46:41 am
  Module:                 mkReLURNS
  Wireload mode:          segmented
  Area mode:              timing library
============================================================

                                Leakage    Internal  
  Gate    Instances    Area   Power (nW)  Power (nW)    Library    
-------------------------------------------------------------------
AN2D0             1     2.160      0.281       9.794    tcbn65lpwc 
AN2XD1            8    17.280      6.420    2094.378    tcbn65lpwc 
AN3D0             1     2.520      0.227      65.515    tcbn65lpwc 
AN3XD1            2     5.040      1.183     314.408    tcbn65lpwc 
AN4D0             3     8.640      0.695     557.165    tcbn65lpwc 
AN4XD1            2     5.760      1.199     721.815    tcbn65lpwc 
AO211D0           1     2.880      0.441     462.176    tcbn65lpwc 
AO211D1           1     2.880      1.101     498.350    tcbn65lpwc 
AO21D0            4    10.080      1.654     956.964    tcbn65lpwc 
AO21D1            5    12.600      5.336    2921.975    tcbn65lpwc 
AO22D0           12    34.560      5.403    6186.975    tcbn65lpwc 
AO22D1            3     9.720      3.024    2884.272    tcbn65lpwc 
AOI21D0           2     4.320      0.496     283.597    tcbn65lpwc 
AOI21D1           6    12.960      2.876    1160.979    tcbn65lpwc 
AOI21D2           3     9.720      3.273     791.132    tcbn65lpwc 
AOI21D4           1     6.480      2.792       9.816    tcbn65lpwc 
AOI22D2           1     4.320      1.404     756.504    tcbn65lpwc 
AOI31D1           2     5.040      0.990    1464.818    tcbn65lpwc 
BUFFD1            1     1.440      0.560     554.158    tcbn65lpwc 
CKAN2D0           5    10.800      1.435     792.660    tcbn65lpwc 
CKAN2D1           1     2.160      0.497       0.024    tcbn65lpwc 
CKAN2D2           1     2.520      1.147     248.057    tcbn65lpwc 
CKBD1             4     5.760      2.838     983.526    tcbn65lpwc 
CKLNQD1           2    12.960      2.894    3468.570    tcbn65lpwc 
CKND1           113   122.040     36.884   12539.018    tcbn65lpwc 
CKND2             4     5.760      3.298     226.811    tcbn65lpwc 
CKND2D0          19    27.360      1.983     774.950    tcbn65lpwc 
CKND2D1          49    70.560     13.836    5616.346    tcbn65lpwc 
CKND2D2          45   113.400     29.953    8845.866    tcbn65lpwc 
CKND2D3           3     9.720      3.363     337.815    tcbn65lpwc 
CKND2D4           2     8.640      2.931    2735.722    tcbn65lpwc 
CKND3             1     2.160      1.110     570.854    tcbn65lpwc 
CKXOR2D0          1     3.600      0.777     955.207    tcbn65lpwc 
CKXOR2D1          5    18.000      7.767    4891.915    tcbn65lpwc 
DFQD1            52   355.680     98.989   88223.753    tcbn65lpwc 
DFQD2             9    64.800     20.729   14277.310    tcbn65lpwc 
DFQD4             5    41.400     19.194   10288.445    tcbn65lpwc 
FA1D0            20   180.000     85.196   70030.697    tcbn65lpwc 
FA1D1            30   302.400    175.784  117262.546    tcbn65lpwc 
HA1D0            22   126.720     48.143   23225.670    tcbn65lpwc 
HA1D1             5    30.600     17.212    9750.822    tcbn65lpwc 
IAO21D0           1     2.520      0.433     308.071    tcbn65lpwc 
IAO21D2           1     3.240      1.706    1014.584    tcbn65lpwc 
IND2D0           17    36.720      5.722    3661.889    tcbn65lpwc 
IND2D1           59   127.440     32.627   17266.920    tcbn65lpwc 
IND2D2            9    25.920     12.181    4651.300    tcbn65lpwc 
IND3D0            3     7.560      0.712     771.832    tcbn65lpwc 
IND3D1            3     7.560      1.104     867.702    tcbn65lpwc 
INR2D0            4     8.640      1.213     820.396    tcbn65lpwc 
INR2D1           11    23.760      6.027    3750.001    tcbn65lpwc 
INR2D2            6    17.280      6.696    3864.174    tcbn65lpwc 
INR2XD0          30    64.800     14.506    7864.087    tcbn65lpwc 
INR2XD1           8    23.040      8.126    6140.162    tcbn65lpwc 
INR3D0            4    10.080      1.436     954.970    tcbn65lpwc 
INVD0             8     8.640      1.182     919.785    tcbn65lpwc 
INVD1            52    56.160     19.923    8013.679    tcbn65lpwc 
INVD2             3     4.320      2.456    1711.242    tcbn65lpwc 
INVD6             1     3.240      2.738    1546.157    tcbn65lpwc 
IOA21D0          10    25.200      4.048    1853.302    tcbn65lpwc 
IOA21D1          10    25.200      7.621    1976.303    tcbn65lpwc 
IOA21D2           1     3.240      1.907     151.320    tcbn65lpwc 
MAOI22D0          1     2.880      0.463     630.205    tcbn65lpwc 
MAOI22D1         12    34.560     13.702    4469.975    tcbn65lpwc 
MOAI22D0          9    25.920      4.178    4077.347    tcbn65lpwc 
MOAI22D1         21    60.480     24.023   18673.747    tcbn65lpwc 
MUX2D0            1     3.240      0.586     600.030    tcbn65lpwc 
MUX2D1            1     3.600      1.487    1010.688    tcbn65lpwc 
MUX2ND0           2     5.760      1.119     983.747    tcbn65lpwc 
ND2D0             2     2.880      0.234     156.679    tcbn65lpwc 
ND2D1            70   100.800     26.706   13400.898    tcbn65lpwc 
ND2D2            30    75.600     30.157    9232.110    tcbn65lpwc 
ND2D3             4    12.960      7.820    3184.354    tcbn65lpwc 
ND2D4             1     4.320      1.919       0.000    tcbn65lpwc 
ND2D8             1     7.920      4.478    3244.011    tcbn65lpwc 
ND3D1             2     4.320      0.457     278.006    tcbn65lpwc 
ND3D2             2     6.480      0.617     441.856    tcbn65lpwc 
ND4D1             1     2.520      0.156     204.681    tcbn65lpwc 
NR2D0            16    23.040      2.357    1364.443    tcbn65lpwc 
NR2D1            23    33.120      7.895    3178.290    tcbn65lpwc 
NR2D2             4    10.080      4.520    1351.424    tcbn65lpwc 
NR2D3             2     6.480      3.007    1350.053    tcbn65lpwc 
NR2XD0           38    54.720     10.543    4128.259    tcbn65lpwc 
NR2XD1           40   100.800     24.625    6671.771    tcbn65lpwc 
NR2XD2            3    12.960      4.323    1018.461    tcbn65lpwc 
OA21D0            3     7.560      1.287    1890.822    tcbn65lpwc 
OA21D1            3     7.560      3.188    2803.911    tcbn65lpwc 
OA22D0            1     2.880      0.444     617.782    tcbn65lpwc 
OAI21D0           6    12.960      1.283    1813.475    tcbn65lpwc 
OAI21D1          16    34.560      8.678    6013.700    tcbn65lpwc 
OAI21D2           7    22.680      8.380    3567.905    tcbn65lpwc 
OAI21D4           1     6.480      2.110    2077.578    tcbn65lpwc 
OAI22D1           1     2.520      0.655     167.685    tcbn65lpwc 
OAI22D2           1     4.320      1.382     940.508    tcbn65lpwc 
OR2D0             6    12.960      1.644    1170.072    tcbn65lpwc 
OR2D1             7    15.120      4.544    1636.713    tcbn65lpwc 
OR2XD1            1     2.160      0.942     775.094    tcbn65lpwc 
OR3D0             1     2.520      0.226      78.210    tcbn65lpwc 
OR3D1             1     2.520      0.473       8.178    tcbn65lpwc 
XNR2D0            7    25.200      6.090    4019.152    tcbn65lpwc 
XNR2D1           15    54.000     22.728   17813.565    tcbn65lpwc 
XOR2D0            9    32.400      8.143    9239.870    tcbn65lpwc 
XOR2D1           16    57.600     27.016   19067.083    tcbn65lpwc 
XOR2D2            1     3.960      2.196    1866.079    tcbn65lpwc 
-------------------------------------------------------------------
total          1087  3065.400   1024.464  622067.666               


                                                         Leakage  Leakage  Internal  Internal 
            Type             Instances   Area   Area % Power (nW) Power % Power (nW)  Power % 
----------------------------------------------------------------------------------------------
sequential                          66  461.880   15.1    138.912    13.6 112789.508     18.1 
inverter                           182  202.320    6.6     67.591     6.6  25527.546      4.1 
buffer                               5    7.200    0.2      3.398     0.3   1537.683      0.2 
clock_gating_integrated_cell         2   12.960    0.4      2.894     0.3   3468.570      0.6 
logic                              832 2381.040   77.7    811.669    79.2 478744.359     77.0 
physical_cells                       0    0.000    0.0      0.000     0.0      0.000      0.0 
----------------------------------------------------------------------------------------------
total                             1087 3065.400  100.0   1024.464   100.0 622067.666    100.0 

