============================================================
  Generated by:           Genus(TM) Synthesis Solution 16.22-s033_1
  Generated on:           Dec 10 2017  11:46:41 am
  Module:                 mkReLURNS
  Wireload mode:          segmented
  Area mode:              timing library
============================================================

Timing
--------

Clock Period 
-------------
clk   6400.0 


        Cost          Critical         Violating 
       Group         Path Slack  TNS     Paths   
-------------------------------------------------
cg_enable_group_clk      5676.2   0.0          0 
clk                       109.5   0.0          0 
default                No paths   0.0            
-------------------------------------------------
Total                             0.0          0 

Instance Count
--------------
Leaf Instance Count             1087 
Physical Instance count            0 
Sequential Instance Count         68 
Combinational Instance Count    1019 
Hierarchical Instance Count        7 

Area
----
Cell Area                          3065.400
Physical Cell Area                 0.000
Total Cell Area (Cell+Physical)    3065.400
Net Area                           0.000
Total Area (Cell+Physical+Net)     3065.400

Power
-----
Leakage Power                      1024.464 nW
Dynamic Power                      880155.176 nW
Total Power                        881179.640 nW

Number of Clock Gating Logic       2
Max Fanout                         32 (m_a_rc_gclk)
Min Fanout                         0 (_0_CONCAT_0_CONCAT_0_CONCAT_m_a_first_BITS_16_T_ETC___d121[14])
Average Fanout                     1.9
Terms to net ratio                 2.8600
Terms to instance ratio            3.1757
Runtime                            33.637544999999996 seconds
Elapsed Runtime                    35 seconds
Genus peak memory usage            814.79 
Innovus peak memory usage          no_value 
Hostname                           ellora
