============================================================
  Generated by:           Genus(TM) Synthesis Solution 16.22-s033_1
  Generated on:           Dec 10 2017  11:46:41 am
  Module:                 mkReLURNS
  Wireload mode:          segmented
  Area mode:              timing library
============================================================


Path 1: MET (110 ps) Setup Check with Pin m_c_D_OUT_reg[9]/CP->D
          Group: clk
     Startpoint: (R) m_a_D_OUT_reg[1]/CP
          Clock: (R) clk
       Endpoint: (R) m_c_D_OUT_reg[9]/D
          Clock: (R) clk

                     Capture       Launch     
        Clock Edge:+    6400            0     
       Src Latency:+       0            0     
       Net Latency:+     200 (I)      200 (I) 
           Arrival:=    6600          200     
                                              
             Setup:-      13                  
       Uncertainty:-     100                  
     Required Time:=    6487                  
      Launch Clock:-     200                  
         Data Path:-    6177                  
             Slack:=     110                  

#------------------------------------------------------------------------------------------
#       Timing Point        Flags    Arc   Edge   Cell     Fanout Load Trans Delay Arrival 
#                                                                 (fF)  (ps)  (ps)   (ps)  
#------------------------------------------------------------------------------------------
  m_a_D_OUT_reg[1]/CP       -       -      R     (arrival)     32    -   100     -     200 
  m_a_D_OUT_reg[1]/Q        -       CP->Q  R     DFQD4          7 10.2    57   230     430 
  g2348__9771/ZN            -       A2->ZN F     ND2D2          4  4.2    53    56     486 
  g2345__1122/ZN            -       A1->ZN R     NR2XD1         4  4.3    74    62     548 
  g2341__2001/ZN            -       A1->ZN F     CKND2D2        2  1.5    34    40     588 
  g2333/ZN                  -       I->ZN  R     CKND1          2  2.5    44    40     628 
  g2377__7557/ZN            -       B1->ZN F     IND2D1         1  0.9    40    39     666 
  g2327__1297/ZN            -       B->ZN  R     IOA21D1        2  2.6    63    44     711 
  rem_224_44/g2095__1279/ZN -       A2->ZN F     NR2XD1         1  1.9    38    49     760 
  rem_224_44/g2091__2005/ZN -       A2->ZN R     CKND2D2        1  2.7    43    43     803 
  rem_224_44/g2089__2001/ZN -       A1->ZN F     NR2XD2         4  4.2    38    36     838 
  rem_224_44/g2083__1591/ZN -       A1->ZN R     CKND2D1        1  1.8    54    46     884 
  rem_224_44/g2079__9867/ZN -       A1->ZN F     ND2D2          1  2.3    38    41     925 
  rem_224_44/g2076__7547/ZN -       A1->ZN R     CKND2D3        3  4.8    47    41     966 
  rem_224_44/g2075/ZN       -       I->ZN  F     INVD1          2  1.8    26    33     998 
  rem_224_44/g2068__2007/ZN -       A1->ZN R     ND2D1          1  1.9    45    36    1035 
  rem_224_44/g2061__8867/ZN -       B->ZN  F     IOA21D2        1  1.3    33    34    1068 
  rem_224_44/g2053__2005/ZN -       A1->ZN R     NR2XD1         1  1.8    42    38    1106 
  rem_224_44/g2046__1591/ZN -       A1->ZN F     ND2D2          5  5.3    61    51    1158 
  g4480__1591/ZN            -       A1->ZN R     CKND2D2        2  1.7    36    41    1198 
  g4475__7547/ZN            -       A1->ZN R     INR2D1         2  1.7    75   101    1299 
  g4470__2007/ZN            -       A1->ZN F     CKND2D1        1  1.0    42    48    1347 
  g4465__1377/ZN            -       A1->ZN F     INR2D2         3  2.7    32    77    1424 
  g4462__7557/ZN            -       B1->ZN R     INR2D1         2  1.9    80    62    1486 
  g4456__9771/ZN            -       A2->ZN F     CKND2D1        2  2.1    56    64    1550 
  g4550__1237/ZN            -       A1->ZN F     IND2D1         1  1.4    48    99    1650 
  g4446__7765/ZN            -       A2->ZN R     NR2XD1         2  1.9    43    54    1704 
  g4442__1297/ZN            -       A2->ZN F     ND2D1          1  1.4    46    49    1753 
  g4438__4599/ZN            -       A2->ZN R     NR2XD1         2  2.6    52    59    1811 
  g4434__8867/ZN            -       A2->ZN F     CKND2D2        1  2.6    45    46    1857 
  g4433__7654/ZN            -       A1->ZN R     ND2D3          6  6.1    44    41    1898 
  g4429__6179/ZN            -       A1->ZN F     ND2D1          2  1.8    54    49    1947 
  g4418__5927/ZN            -       B1->ZN R     IND2D1         1  1.9    47    45    1992 
  g4414__9719/ZN            -       A2->ZN F     CKND2D2        2  2.5    36    44    2035 
  g4406__2006/ZN            -       A1->ZN R     ND2D2          3  2.4    33    31    2066 
  g4555__7765/ZN            -       A1->ZN R     IND2D1         1  1.0    36    69    2135 
  g4397__1377/ZN            -       A2->ZN F     ND2D1          1  1.9    55    52    2187 
  g4396__8867/CO            -       CI->CO F     FA1D1          1  1.9    51   111    2298 
  g4394__7654/CO            -       CI->CO F     FA1D1          1  1.9    51   110    2409 
  g4393__7557/CO            -       CI->CO F     FA1D1          1  1.9    51   110    2519 
  g4391__7837/CO            -       CI->CO F     FA1D1          1  1.9    51   110    2629 
  g4390__6179/CO            -       CI->CO F     FA1D1          1  1.9    51   110    2740 
  g4389__1279/CO            -       CI->CO F     FA1D1          2  2.6    57   115    2855 
  g4388/ZN                  -       I->ZN  R     CKND1          1  1.7    36    42    2896 
  g4387__3457/ZN            -       A1->ZN F     AOI22D2        2  2.7    66    42    2938 
  g4385__9771/ZN            -       A1->ZN R     NR2D2          3  4.3    80    71    3009 
  g4381__1122/ZN            -       A1->ZN F     CKND2D2        2  2.2    40    45    3054 
  g4377__5927/ZN            -       A1->ZN R     NR2XD1         2  2.2    47    43    3097 
  g4374__1591/ZN            -       A1->ZN F     CKND2D2        2  2.2    34    37    3133 
  g4370__3377/ZN            -       A1->ZN R     NR2XD1         3  3.2    60    49    3182 
  g4367__7765/ZN            -       A1->ZN F     CKND2D2        2  1.8    33    38    3220 
  g4362/ZN                  -       I->ZN  R     CKND1          1  1.0    25    29    3248 
  g4359__2007/ZN            -       A1->ZN F     ND2D1          1  1.6    50    42    3291 
  g4357__4599/ZN            -       A1->ZN R     ND2D2          2  3.0    37    38    3329 
  g4356__3717/ZN            -       A1->ZN F     CKND2D2        3  3.0    42    38    3366 
  g4354__8867/ZN            -       A1->ZN R     NR2XD1         1  2.5    51    46    3412 
  g4352__7557/ZN            -       A1->ZN F     NR2D3          3  4.6    30    32    3444 
  g4311__6179/ZN            -       A1->ZN R     NR2D3          3  3.2    54    46    3490 
  g4306__2005/ZN            -       A1->ZN F     CKND2D2        3  2.8    40    41    3531 
  g4301__2001/ZN            -       A1->ZN R     NR2XD1         3  3.2    60    50    3582 
  g4296__1591/ZN            -       A1->ZN F     CKND2D2        3  3.3    44    45    3627 
  g4541__7837/ZN            -       B1->ZN R     INR2XD1        2  2.5    54    48    3675 
  g4286__7547/ZN            -       A1->ZN F     CKND2D2        3  3.2    43    43    3718 
  g4282__1237/ZN            -       A1->ZN R     NR2XD1         3  3.2    60    51    3769 
  g4349__1377/ZN            -       A1->ZN F     NR2D0          1  0.7    32    38    3808 
  g4347__7654/ZN            -       A1->ZN F     IND2D1         3  2.8    70   105    3913 
  rem_187_71/g5151__1279/ZN -       A1->ZN R     CKND2D2        3  2.4    41    47    3960 
  rem_187_71/g5150/ZN       -       I->ZN  F     CKND1          1  1.4    27    32    3992 
  rem_187_71/g5142__2001/ZN -       A1->ZN R     CKND2D2        3  3.0    46    36    4028 
  rem_187_71/g5136__3377/ZN -       A2->ZN F     NR2XD1         2  2.3    41    45    4073 
  rem_187_71/g5130__2833/ZN -       A1->ZN R     CKND2D2        4  3.8    53    44    4117 
  rem_187_71/g5125__2007/ZN -       A2->ZN F     NR2D1          1  0.9    24    32    4149 
  rem_187_71/g5123__4599/ZN -       A1->ZN R     ND2D1          1  4.3    76    53    4202 
  rem_187_71/g5120__1377/ZN -       A2->ZN F     ND2D4          8  9.9    59    64    4266 
  rem_187_71/g5102__9771/ZN -       A1->ZN R     OAI21D2        3  3.5    84    73    4339 
  rem_187_71/g5091__7547/ZN -       A1->ZN F     CKND2D2        1  0.9    33    38    4377 
  rem_187_71/g5082__1377/ZN -       A1->ZN R     ND2D1          1  2.0    46    39    4416 
  g2131/ZN                  -       I->ZN  F     INVD2          2  4.1    27    32    4449 
  add_190_28_g642__1591/ZN  -       A1->ZN R     NR2D1          1  0.9    54    46    4495 
  add_190_28_g634__1297/ZN  -       A1->ZN F     NR2D1          1  1.3    28    33    4528 
  add_190_28_g633__1237/ZN  -       A1->ZN R     NR2XD1         3  3.1    58    46    4574 
  add_190_28_g631__3779/Z   -       A1->Z  R     OA21D1         3  3.0    59    98    4672 
  add_190_28_g629__3717/ZN  -       A1->ZN F     MOAI22D1       1  1.9    65    54    4727 
  add_190_28_g627__8867/CO  -       CI->CO F     FA1D1          1  1.9    51   115    4841 
  add_190_28_g626__7654/CO  -       CI->CO F     FA1D1          1  1.9    51   110    4952 
  add_190_28_g625__7557/CO  -       CI->CO F     FA1D1          1  1.9    51   110    5062 
  add_190_28_g624__7837/CO  -       CI->CO F     FA1D1          1  1.9    51   110    5172 
  add_190_28_g623__6179/CO  -       CI->CO F     FA1D1          1  1.9    51   110    5282 
  add_190_28_g622__1279/CO  -       CI->CO F     FA1D1          1  1.9    51   110    5393 
  add_190_28_g621__3457/CO  -       CI->CO F     FA1D1          1  1.9    51   110    5503 
  add_190_28_g620__9771/CO  -       CI->CO F     FA1D1          1  1.9    51   110    5613 
  add_190_28_g619__2005/CO  -       CI->CO F     FA1D1          1  1.9    51   110    5724 
  add_190_28_g618__1122/S   -       CI->S  R     FA1D1          1  2.5    62   160    5884 
  rem_190_55/g1836__9867/ZN -       A1->ZN F     CKND2D3        2  5.7    49    49    5933 
  rem_190_55/g1835__7765/ZN -       A1->ZN R     ND2D3          1  3.6    35    36    5970 
  rem_190_55/g1834__7547/ZN -       B->ZN  F     OAI21D4        2  4.1    48    53    6022 
  rem_190_55/g1833/ZN       -       I->ZN  R     CKND3          1  3.4    25    33    6055 
  rem_190_55/g1831__2006/ZN -       A1->ZN F     CKND2D4        1  2.6    28    27    6082 
  rem_190_55/g1830__1297/ZN -       A1->ZN R     ND2D3          2  3.8    34    30    6112 
  g3364__4599/ZN            -       A1->ZN F     ND2D2          1  1.9    34    33    6145 
  g3357__7837/ZN            -       A2->ZN R     CKND2D2        2  3.8    52    47    6192 
  g4334__3377/ZN            -       A1->ZN F     ND2D2          1  7.7    80    65    6258 
  g4332__7765/ZN            -       A2->ZN R     ND2D8         18 19.3    49    58    6316 
  g4331/ZN                  -       I->ZN  F     INVD6         15 13.5    28    33    6349 
  g2307__2005/ZN            -       B1->ZN R     IND2D1         1  0.9    35    29    6377 
  m_c_D_OUT_reg[9]/D        <<<     -      R     DFQD1          1    -     -     0    6377 
#------------------------------------------------------------------------------------------

